#
# A fatal error has been detected by the Java Runtime Environment:
#
#  EXCEPTION_ACCESS_VIOLATION (0xc0000005) at pc=0x00007ffe3c398fbb, pid=24516, tid=19508
#
# JRE version: Java(TM) SE Runtime Environment 18.9 (11.0.10+8) (build 11.0.10+8-LTS-162)
# Java VM: Java HotSpot(TM) 64-Bit Server VM 18.9 (11.0.10+8-LTS-162, mixed mode, tiered, compressed oops, g1 gc, windows-amd64)
# Problematic frame:
# V  [jvm.dll+0x3a8fbb]
#
# No core dump will be written. Minidumps are not enabled by default on client versions of Windows
#
# If you would like to submit a bug report, please visit:
#   https://bugreport.java.com/bugreport/crash.jsp
#

---------------  S U M M A R Y ------------

Command Line: -javaagent:C:\Program Files\JetBrains\IntelliJ IDEA Community Edition 2020.3.2\lib\idea_rt.jar=53552:C:\Program Files\JetBrains\IntelliJ IDEA Community Edition 2020.3.2\bin -Dfile.encoding=UTF-8 example.Main

Host: Intel(R) Core(TM) i5-8250U CPU @ 1.60GHz, 8 cores, 11G,  Windows 10 , 64 bit Build 18362 (10.0.18362.1500)
Time: Sat Jun 12 13:18:55 2021 ?rodkowoeuropejski czas letni elapsed time: 0.221566 seconds (0d 0h 0m 0s)

---------------  T H R E A D  ---------------

Current thread (0x000002834f28e800):  JavaThread "main" [_thread_in_vm, id=19508, stack(0x00000094a2f00000,0x00000094a3000000)]

Stack: [0x00000094a2f00000,0x00000094a3000000],  sp=0x00000094a2ffec50,  free space=1019k
Native frames: (J=compiled Java code, j=interpreted, Vv=VM code, C=native code)
V  [jvm.dll+0x3a8fbb]
C  [Nowy.dll+0x12549]

Java frames: (J=compiled Java code, j=interpreted, Vv=VM code)
j  example.Iloczyn.multi03()V+0
j  example.Main.main([Ljava/lang/String;)V+289
v  ~StubRoutines::call_stub

siginfo: EXCEPTION_ACCESS_VIOLATION (0xc0000005), reading address 0x0000000000000030


Register to memory mapping:

RIP=0x00007ffe3c398fbb jvm.dll
RAX=0x0000000000000028 is an unknown value
RBX=0x000002834f28e800 is a thread
RCX=0x00000283705491c8 points into unknown readable memory: 28 00 00 00 00 00 00 00
RDX=0x0000000000000006 is an unknown value
RSP=0x00000094a2ffec50 is pointing into the stack for thread: 0x000002834f28e800
RBP=0x00000094a2ffec00 is pointing into the stack for thread: 0x000002834f28e800
RSI=0x000002834f28e800 is a thread
RDI=0x00000283705491c8 points into unknown readable memory: 28 00 00 00 00 00 00 00
R8 =0x0000000000000004 is an unknown value
R9 =0x0000000000000801 is an unknown value
R10=0x000002834f28e800 is a thread
R11=0x00000094a2ffec48 is pointing into the stack for thread: 0x000002834f28e800
R12=0x0 is NULL
R13={method} {0x0000028370ad9ae8} 'multi03' '()V' in 'example/Iloczyn'
R14=0x000002834f28eb48 points into unknown readable memory: 00 7d 9b 3c fe 7f 00 00
R15=0x000002834f28e800 is a thread


Registers:
RAX=0x0000000000000028, RBX=0x000002834f28e800, RCX=0x00000283705491c8, RDX=0x0000000000000006
RSP=0x00000094a2ffec50, RBP=0x00000094a2ffec00, RSI=0x000002834f28e800, RDI=0x00000283705491c8
R8 =0x0000000000000004, R9 =0x0000000000000801, R10=0x000002834f28e800, R11=0x00000094a2ffec48
R12=0x0000000000000000, R13=0x0000028370ad9ae0, R14=0x000002834f28eb48, R15=0x000002834f28e800
RIP=0x00007ffe3c398fbb, EFLAGS=0x0000000000010202

Top of Stack: (sp=0x00000094a2ffec50)
0x00000094a2ffec50:   000002834f28e800 000002834f28e800
0x00000094a2ffec60:   000002834f28e800 000002834f28f600
0x00000094a2ffec70:   000002834f28e800 000002834f28f600
0x00000094a2ffec80:   00007ffe00000801 00007ffe3c8548d8
0x00000094a2ffec90:   00000094a2fff030 00007ffe6d0f2549
0x00000094a2ffeca0:   0000028370ad9ae0 00000094a2ffecc0
0x00000094a2ffecb0:   0000000000000002 00000094a2ffed88
0x00000094a2ffecc0:   cccccccccccccccc cccccccccccccccc
0x00000094a2ffecd0:   cccccccccccccccc cccccccccccccccc
0x00000094a2ffece0:   cccccccccccccccc cccccccccccccccc
0x00000094a2ffecf0:   cccccccccccccccc cccccccccccccccc
0x00000094a2ffed00:   cccccccccccccccc cccccccccccccccc
0x00000094a2ffed10:   cccccccccccccccc cccccccccccccccc
0x00000094a2ffed20:   cccccccccccccccc cccccccccccccccc
0x00000094a2ffed30:   cccccccccccccccc cccccccccccccccc
0x00000094a2ffed40:   cccccccccccccccc cccccccccccccccc 

Instructions: (pc=0x00007ffe3c398fbb)
0x00007ffe3c398f9b:   00 48 8b cf 40 f6 c7 01 74 07 e8 26 ca 02 00 eb
0x00007ffe3c398fab:   06 ff 15 8e ae 61 00 80 3d c8 1c 68 00 00 74 15
0x00007ffe3c398fbb:   8b 40 08 8b 0d 94 8f 63 00 48 d3 e0 48 03 05 82
0x00007ffe3c398fcb:   8f 63 00 eb 04 48 8b 40 08 48 8b c8 e8 e4 82 14 


Stack slot to memory mapping:
stack at sp + 0 slots: 0x000002834f28e800 is a thread
stack at sp + 1 slots: 0x000002834f28e800 is a thread
stack at sp + 2 slots: 0x000002834f28e800 is a thread
stack at sp + 3 slots: 0x000002834f28f600 points into unknown readable memory: e8 b6 5c 4d 07 00 00 00
stack at sp + 4 slots: 0x000002834f28e800 is a thread
stack at sp + 5 slots: 0x000002834f28f600 points into unknown readable memory: e8 b6 5c 4d 07 00 00 00
stack at sp + 6 slots: 0x00007ffe00000801 is an unknown value
stack at sp + 7 slots: 0x00007ffe3c8548d8 jvm.dll


---------------  P R O C E S S  ---------------

Threads class SMR info:
_java_thread_list=0x000002837148fa80, length=12, elements={
0x000002834f28e800, 0x0000028370eda000, 0x0000028370edb800, 0x0000028370f5f800,
0x0000028370f62000, 0x0000028370f64000, 0x0000028370f69800, 0x0000028370f74000,
0x0000028370692800, 0x0000028371107800, 0x0000028371209000, 0x000002837120a000
}

Java Threads: ( => current thread )
=>0x000002834f28e800 JavaThread "main" [_thread_in_vm, id=19508, stack(0x00000094a2f00000,0x00000094a3000000)]
  0x0000028370eda000 JavaThread "Reference Handler" daemon [_thread_blocked, id=19976, stack(0x00000094a3600000,0x00000094a3700000)]
  0x0000028370edb800 JavaThread "Finalizer" daemon [_thread_blocked, id=20728, stack(0x00000094a3700000,0x00000094a3800000)]
  0x0000028370f5f800 JavaThread "Signal Dispatcher" daemon [_thread_blocked, id=2512, stack(0x00000094a3800000,0x00000094a3900000)]
  0x0000028370f62000 JavaThread "Attach Listener" daemon [_thread_blocked, id=10668, stack(0x00000094a3900000,0x00000094a3a00000)]
  0x0000028370f64000 JavaThread "C2 CompilerThread0" daemon [_thread_blocked, id=18576, stack(0x00000094a3a00000,0x00000094a3b00000)]
  0x0000028370f69800 JavaThread "C1 CompilerThread0" daemon [_thread_blocked, id=17448, stack(0x00000094a3b00000,0x00000094a3c00000)]
  0x0000028370f74000 JavaThread "Sweeper thread" daemon [_thread_blocked, id=17500, stack(0x00000094a3c00000,0x00000094a3d00000)]
  0x0000028370692800 JavaThread "Common-Cleaner" daemon [_thread_blocked, id=18064, stack(0x00000094a3d00000,0x00000094a3e00000)]
  0x0000028371107800 JavaThread "C2 CompilerThread1" daemon [_thread_blocked, id=18600, stack(0x00000094a3e00000,0x00000094a3f00000)]
  0x0000028371209000 JavaThread "Monitor Ctrl-Break" daemon [_thread_in_native, id=19164, stack(0x00000094a3f00000,0x00000094a4000000)]
  0x000002837120a000 JavaThread "Service Thread" daemon [_thread_blocked, id=19688, stack(0x00000094a4000000,0x00000094a4100000)]

Other Threads:
  0x0000028370ed7000 VMThread "VM Thread" [stack: 0x00000094a3500000,0x00000094a3600000] [id=19380]
  0x000002837120d000 WatcherThread [stack: 0x00000094a4100000,0x00000094a4200000] [id=8148]
  0x000002834f2a2800 GCTaskThread "GC Thread#0" [stack: 0x00000094a3000000,0x00000094a3100000] [id=20908]
  0x000002834f2e9800 ConcurrentGCThread "G1 Main Marker" [stack: 0x00000094a3100000,0x00000094a3200000] [id=22904]
  0x000002834f2ec000 ConcurrentGCThread "G1 Conc#0" [stack: 0x00000094a3200000,0x00000094a3300000] [id=9768]
  0x000002837053c800 ConcurrentGCThread "G1 Refine#0" [stack: 0x00000094a3300000,0x00000094a3400000] [id=21560]
  0x000002837053f000 ConcurrentGCThread "G1 Young RemSet Sampling" [stack: 0x00000094a3400000,0x00000094a3500000] [id=14184]

Threads with active compile tasks:

VM state:not at safepoint (normal execution)

VM Mutex/Monitor currently owned by a thread: None

Heap address: 0x0000000741800000, size: 3048 MB, Compressed Oops mode: Zero based, Oop shift amount: 3
Narrow klass base: 0x0000000800000000, Narrow klass shift: 0
Compressed class space size: 1073741824 Address: 0x0000000800000000

Heap:
 garbage-first heap   total 196608K, used 2048K [0x0000000741800000, 0x0000000800000000)
  region size 1024K, 3 young (3072K), 0 survivors (0K)
 Metaspace       used 6727K, capacity 6803K, committed 7168K, reserved 1056768K
  class space    used 602K, capacity 648K, committed 768K, reserved 1048576K
Heap Regions: E=young(eden), S=young(survivor), O=old, HS=humongous(starts), HC=humongous(continues), CS=collection set, F=free, A=archive, TAMS=top-at-mark-start (previous, next)
|   0|0x0000000741800000, 0x0000000741800000, 0x0000000741900000|  0%| F|  |TAMS 0x0000000741800000, 0x0000000741800000| Untracked 
|   1|0x0000000741900000, 0x0000000741900000, 0x0000000741a00000|  0%| F|  |TAMS 0x0000000741900000, 0x0000000741900000| Untracked 
|   2|0x0000000741a00000, 0x0000000741a00000, 0x0000000741b00000|  0%| F|  |TAMS 0x0000000741a00000, 0x0000000741a00000| Untracked 
|   3|0x0000000741b00000, 0x0000000741b00000, 0x0000000741c00000|  0%| F|  |TAMS 0x0000000741b00000, 0x0000000741b00000| Untracked 
|   4|0x0000000741c00000, 0x0000000741c00000, 0x0000000741d00000|  0%| F|  |TAMS 0x0000000741c00000, 0x0000000741c00000| Untracked 
|   5|0x0000000741d00000, 0x0000000741d00000, 0x0000000741e00000|  0%| F|  |TAMS 0x0000000741d00000, 0x0000000741d00000| Untracked 
|   6|0x0000000741e00000, 0x0000000741e00000, 0x0000000741f00000|  0%| F|  |TAMS 0x0000000741e00000, 0x0000000741e00000| Untracked 
|   7|0x0000000741f00000, 0x0000000741f00000, 0x0000000742000000|  0%| F|  |TAMS 0x0000000741f00000, 0x0000000741f00000| Untracked 
|   8|0x0000000742000000, 0x0000000742000000, 0x0000000742100000|  0%| F|  |TAMS 0x0000000742000000, 0x0000000742000000| Untracked 
|   9|0x0000000742100000, 0x0000000742100000, 0x0000000742200000|  0%| F|  |TAMS 0x0000000742100000, 0x0000000742100000| Untracked 
|  10|0x0000000742200000, 0x0000000742200000, 0x0000000742300000|  0%| F|  |TAMS 0x0000000742200000, 0x0000000742200000| Untracked 
|  11|0x0000000742300000, 0x0000000742300000, 0x0000000742400000|  0%| F|  |TAMS 0x0000000742300000, 0x0000000742300000| Untracked 
|  12|0x0000000742400000, 0x0000000742400000, 0x0000000742500000|  0%| F|  |TAMS 0x0000000742400000, 0x0000000742400000| Untracked 
|  13|0x0000000742500000, 0x0000000742500000, 0x0000000742600000|  0%| F|  |TAMS 0x0000000742500000, 0x0000000742500000| Untracked 
|  14|0x0000000742600000, 0x0000000742600000, 0x0000000742700000|  0%| F|  |TAMS 0x0000000742600000, 0x0000000742600000| Untracked 
|  15|0x0000000742700000, 0x0000000742700000, 0x0000000742800000|  0%| F|  |TAMS 0x0000000742700000, 0x0000000742700000| Untracked 
|  16|0x0000000742800000, 0x0000000742800000, 0x0000000742900000|  0%| F|  |TAMS 0x0000000742800000, 0x0000000742800000| Untracked 
|  17|0x0000000742900000, 0x0000000742900000, 0x0000000742a00000|  0%| F|  |TAMS 0x0000000742900000, 0x0000000742900000| Untracked 
|  18|0x0000000742a00000, 0x0000000742a00000, 0x0000000742b00000|  0%| F|  |TAMS 0x0000000742a00000, 0x0000000742a00000| Untracked 
|  19|0x0000000742b00000, 0x0000000742b00000, 0x0000000742c00000|  0%| F|  |TAMS 0x0000000742b00000, 0x0000000742b00000| Untracked 
|  20|0x0000000742c00000, 0x0000000742c00000, 0x0000000742d00000|  0%| F|  |TAMS 0x0000000742c00000, 0x0000000742c00000| Untracked 
|  21|0x0000000742d00000, 0x0000000742d00000, 0x0000000742e00000|  0%| F|  |TAMS 0x0000000742d00000, 0x0000000742d00000| Untracked 
|  22|0x0000000742e00000, 0x0000000742e00000, 0x0000000742f00000|  0%| F|  |TAMS 0x0000000742e00000, 0x0000000742e00000| Untracked 
|  23|0x0000000742f00000, 0x0000000742f00000, 0x0000000743000000|  0%| F|  |TAMS 0x0000000742f00000, 0x0000000742f00000| Untracked 
|  24|0x0000000743000000, 0x0000000743000000, 0x0000000743100000|  0%| F|  |TAMS 0x0000000743000000, 0x0000000743000000| Untracked 
|  25|0x0000000743100000, 0x0000000743100000, 0x0000000743200000|  0%| F|  |TAMS 0x0000000743100000, 0x0000000743100000| Untracked 
|  26|0x0000000743200000, 0x0000000743200000, 0x0000000743300000|  0%| F|  |TAMS 0x0000000743200000, 0x0000000743200000| Untracked 
|  27|0x0000000743300000, 0x0000000743300000, 0x0000000743400000|  0%| F|  |TAMS 0x0000000743300000, 0x0000000743300000| Untracked 
|  28|0x0000000743400000, 0x0000000743400000, 0x0000000743500000|  0%| F|  |TAMS 0x0000000743400000, 0x0000000743400000| Untracked 
|  29|0x0000000743500000, 0x0000000743500000, 0x0000000743600000|  0%| F|  |TAMS 0x0000000743500000, 0x0000000743500000| Untracked 
|  30|0x0000000743600000, 0x0000000743600000, 0x0000000743700000|  0%| F|  |TAMS 0x0000000743600000, 0x0000000743600000| Untracked 
|  31|0x0000000743700000, 0x0000000743700000, 0x0000000743800000|  0%| F|  |TAMS 0x0000000743700000, 0x0000000743700000| Untracked 
|  32|0x0000000743800000, 0x0000000743800000, 0x0000000743900000|  0%| F|  |TAMS 0x0000000743800000, 0x0000000743800000| Untracked 
|  33|0x0000000743900000, 0x0000000743900000, 0x0000000743a00000|  0%| F|  |TAMS 0x0000000743900000, 0x0000000743900000| Untracked 
|  34|0x0000000743a00000, 0x0000000743a00000, 0x0000000743b00000|  0%| F|  |TAMS 0x0000000743a00000, 0x0000000743a00000| Untracked 
|  35|0x0000000743b00000, 0x0000000743b00000, 0x0000000743c00000|  0%| F|  |TAMS 0x0000000743b00000, 0x0000000743b00000| Untracked 
|  36|0x0000000743c00000, 0x0000000743c00000, 0x0000000743d00000|  0%| F|  |TAMS 0x0000000743c00000, 0x0000000743c00000| Untracked 
|  37|0x0000000743d00000, 0x0000000743d00000, 0x0000000743e00000|  0%| F|  |TAMS 0x0000000743d00000, 0x0000000743d00000| Untracked 
|  38|0x0000000743e00000, 0x0000000743e00000, 0x0000000743f00000|  0%| F|  |TAMS 0x0000000743e00000, 0x0000000743e00000| Untracked 
|  39|0x0000000743f00000, 0x0000000743f00000, 0x0000000744000000|  0%| F|  |TAMS 0x0000000743f00000, 0x0000000743f00000| Untracked 
|  40|0x0000000744000000, 0x0000000744000000, 0x0000000744100000|  0%| F|  |TAMS 0x0000000744000000, 0x0000000744000000| Untracked 
|  41|0x0000000744100000, 0x0000000744100000, 0x0000000744200000|  0%| F|  |TAMS 0x0000000744100000, 0x0000000744100000| Untracked 
|  42|0x0000000744200000, 0x0000000744200000, 0x0000000744300000|  0%| F|  |TAMS 0x0000000744200000, 0x0000000744200000| Untracked 
|  43|0x0000000744300000, 0x0000000744300000, 0x0000000744400000|  0%| F|  |TAMS 0x0000000744300000, 0x0000000744300000| Untracked 
|  44|0x0000000744400000, 0x0000000744400000, 0x0000000744500000|  0%| F|  |TAMS 0x0000000744400000, 0x0000000744400000| Untracked 
|  45|0x0000000744500000, 0x0000000744500000, 0x0000000744600000|  0%| F|  |TAMS 0x0000000744500000, 0x0000000744500000| Untracked 
|  46|0x0000000744600000, 0x0000000744600000, 0x0000000744700000|  0%| F|  |TAMS 0x0000000744600000, 0x0000000744600000| Untracked 
|  47|0x0000000744700000, 0x0000000744700000, 0x0000000744800000|  0%| F|  |TAMS 0x0000000744700000, 0x0000000744700000| Untracked 
|  48|0x0000000744800000, 0x0000000744800000, 0x0000000744900000|  0%| F|  |TAMS 0x0000000744800000, 0x0000000744800000| Untracked 
|  49|0x0000000744900000, 0x0000000744900000, 0x0000000744a00000|  0%| F|  |TAMS 0x0000000744900000, 0x0000000744900000| Untracked 
|  50|0x0000000744a00000, 0x0000000744a00000, 0x0000000744b00000|  0%| F|  |TAMS 0x0000000744a00000, 0x0000000744a00000| Untracked 
|  51|0x0000000744b00000, 0x0000000744b00000, 0x0000000744c00000|  0%| F|  |TAMS 0x0000000744b00000, 0x0000000744b00000| Untracked 
|  52|0x0000000744c00000, 0x0000000744c00000, 0x0000000744d00000|  0%| F|  |TAMS 0x0000000744c00000, 0x0000000744c00000| Untracked 
|  53|0x0000000744d00000, 0x0000000744d00000, 0x0000000744e00000|  0%| F|  |TAMS 0x0000000744d00000, 0x0000000744d00000| Untracked 
|  54|0x0000000744e00000, 0x0000000744e00000, 0x0000000744f00000|  0%| F|  |TAMS 0x0000000744e00000, 0x0000000744e00000| Untracked 
|  55|0x0000000744f00000, 0x0000000744f00000, 0x0000000745000000|  0%| F|  |TAMS 0x0000000744f00000, 0x0000000744f00000| Untracked 
|  56|0x0000000745000000, 0x0000000745000000, 0x0000000745100000|  0%| F|  |TAMS 0x0000000745000000, 0x0000000745000000| Untracked 
|  57|0x0000000745100000, 0x0000000745100000, 0x0000000745200000|  0%| F|  |TAMS 0x0000000745100000, 0x0000000745100000| Untracked 
|  58|0x0000000745200000, 0x0000000745200000, 0x0000000745300000|  0%| F|  |TAMS 0x0000000745200000, 0x0000000745200000| Untracked 
|  59|0x0000000745300000, 0x0000000745300000, 0x0000000745400000|  0%| F|  |TAMS 0x0000000745300000, 0x0000000745300000| Untracked 
|  60|0x0000000745400000, 0x0000000745400000, 0x0000000745500000|  0%| F|  |TAMS 0x0000000745400000, 0x0000000745400000| Untracked 
|  61|0x0000000745500000, 0x0000000745500000, 0x0000000745600000|  0%| F|  |TAMS 0x0000000745500000, 0x0000000745500000| Untracked 
|  62|0x0000000745600000, 0x0000000745600000, 0x0000000745700000|  0%| F|  |TAMS 0x0000000745600000, 0x0000000745600000| Untracked 
|  63|0x0000000745700000, 0x0000000745700000, 0x0000000745800000|  0%| F|  |TAMS 0x0000000745700000, 0x0000000745700000| Untracked 
|  64|0x0000000745800000, 0x0000000745800000, 0x0000000745900000|  0%| F|  |TAMS 0x0000000745800000, 0x0000000745800000| Untracked 
|  65|0x0000000745900000, 0x0000000745900000, 0x0000000745a00000|  0%| F|  |TAMS 0x0000000745900000, 0x0000000745900000| Untracked 
|  66|0x0000000745a00000, 0x0000000745a00000, 0x0000000745b00000|  0%| F|  |TAMS 0x0000000745a00000, 0x0000000745a00000| Untracked 
|  67|0x0000000745b00000, 0x0000000745b00000, 0x0000000745c00000|  0%| F|  |TAMS 0x0000000745b00000, 0x0000000745b00000| Untracked 
|  68|0x0000000745c00000, 0x0000000745c00000, 0x0000000745d00000|  0%| F|  |TAMS 0x0000000745c00000, 0x0000000745c00000| Untracked 
|  69|0x0000000745d00000, 0x0000000745d00000, 0x0000000745e00000|  0%| F|  |TAMS 0x0000000745d00000, 0x0000000745d00000| Untracked 
|  70|0x0000000745e00000, 0x0000000745e00000, 0x0000000745f00000|  0%| F|  |TAMS 0x0000000745e00000, 0x0000000745e00000| Untracked 
|  71|0x0000000745f00000, 0x0000000745f00000, 0x0000000746000000|  0%| F|  |TAMS 0x0000000745f00000, 0x0000000745f00000| Untracked 
|  72|0x0000000746000000, 0x0000000746000000, 0x0000000746100000|  0%| F|  |TAMS 0x0000000746000000, 0x0000000746000000| Untracked 
|  73|0x0000000746100000, 0x0000000746100000, 0x0000000746200000|  0%| F|  |TAMS 0x0000000746100000, 0x0000000746100000| Untracked 
|  74|0x0000000746200000, 0x0000000746200000, 0x0000000746300000|  0%| F|  |TAMS 0x0000000746200000, 0x0000000746200000| Untracked 
|  75|0x0000000746300000, 0x0000000746300000, 0x0000000746400000|  0%| F|  |TAMS 0x0000000746300000, 0x0000000746300000| Untracked 
|  76|0x0000000746400000, 0x0000000746400000, 0x0000000746500000|  0%| F|  |TAMS 0x0000000746400000, 0x0000000746400000| Untracked 
|  77|0x0000000746500000, 0x0000000746500000, 0x0000000746600000|  0%| F|  |TAMS 0x0000000746500000, 0x0000000746500000| Untracked 
|  78|0x0000000746600000, 0x0000000746600000, 0x0000000746700000|  0%| F|  |TAMS 0x0000000746600000, 0x0000000746600000| Untracked 
|  79|0x0000000746700000, 0x0000000746700000, 0x0000000746800000|  0%| F|  |TAMS 0x0000000746700000, 0x0000000746700000| Untracked 
|  80|0x0000000746800000, 0x0000000746800000, 0x0000000746900000|  0%| F|  |TAMS 0x0000000746800000, 0x0000000746800000| Untracked 
|  81|0x0000000746900000, 0x0000000746900000, 0x0000000746a00000|  0%| F|  |TAMS 0x0000000746900000, 0x0000000746900000| Untracked 
|  82|0x0000000746a00000, 0x0000000746a00000, 0x0000000746b00000|  0%| F|  |TAMS 0x0000000746a00000, 0x0000000746a00000| Untracked 
|  83|0x0000000746b00000, 0x0000000746b00000, 0x0000000746c00000|  0%| F|  |TAMS 0x0000000746b00000, 0x0000000746b00000| Untracked 
|  84|0x0000000746c00000, 0x0000000746c00000, 0x0000000746d00000|  0%| F|  |TAMS 0x0000000746c00000, 0x0000000746c00000| Untracked 
|  85|0x0000000746d00000, 0x0000000746d00000, 0x0000000746e00000|  0%| F|  |TAMS 0x0000000746d00000, 0x0000000746d00000| Untracked 
|  86|0x0000000746e00000, 0x0000000746e00000, 0x0000000746f00000|  0%| F|  |TAMS 0x0000000746e00000, 0x0000000746e00000| Untracked 
|  87|0x0000000746f00000, 0x0000000746f00000, 0x0000000747000000|  0%| F|  |TAMS 0x0000000746f00000, 0x0000000746f00000| Untracked 
|  88|0x0000000747000000, 0x0000000747000000, 0x0000000747100000|  0%| F|  |TAMS 0x0000000747000000, 0x0000000747000000| Untracked 
|  89|0x0000000747100000, 0x0000000747100000, 0x0000000747200000|  0%| F|  |TAMS 0x0000000747100000, 0x0000000747100000| Untracked 
|  90|0x0000000747200000, 0x0000000747200000, 0x0000000747300000|  0%| F|  |TAMS 0x0000000747200000, 0x0000000747200000| Untracked 
|  91|0x0000000747300000, 0x0000000747300000, 0x0000000747400000|  0%| F|  |TAMS 0x0000000747300000, 0x0000000747300000| Untracked 
|  92|0x0000000747400000, 0x0000000747400000, 0x0000000747500000|  0%| F|  |TAMS 0x0000000747400000, 0x0000000747400000| Untracked 
|  93|0x0000000747500000, 0x0000000747500000, 0x0000000747600000|  0%| F|  |TAMS 0x0000000747500000, 0x0000000747500000| Untracked 
|  94|0x0000000747600000, 0x0000000747600000, 0x0000000747700000|  0%| F|  |TAMS 0x0000000747600000, 0x0000000747600000| Untracked 
|  95|0x0000000747700000, 0x0000000747700000, 0x0000000747800000|  0%| F|  |TAMS 0x0000000747700000, 0x0000000747700000| Untracked 
|  96|0x0000000747800000, 0x0000000747800000, 0x0000000747900000|  0%| F|  |TAMS 0x0000000747800000, 0x0000000747800000| Untracked 
|  97|0x0000000747900000, 0x0000000747900000, 0x0000000747a00000|  0%| F|  |TAMS 0x0000000747900000, 0x0000000747900000| Untracked 
|  98|0x0000000747a00000, 0x0000000747a00000, 0x0000000747b00000|  0%| F|  |TAMS 0x0000000747a00000, 0x0000000747a00000| Untracked 
|  99|0x0000000747b00000, 0x0000000747b00000, 0x0000000747c00000|  0%| F|  |TAMS 0x0000000747b00000, 0x0000000747b00000| Untracked 
| 100|0x0000000747c00000, 0x0000000747c00000, 0x0000000747d00000|  0%| F|  |TAMS 0x0000000747c00000, 0x0000000747c00000| Untracked 
| 101|0x0000000747d00000, 0x0000000747d00000, 0x0000000747e00000|  0%| F|  |TAMS 0x0000000747d00000, 0x0000000747d00000| Untracked 
| 102|0x0000000747e00000, 0x0000000747e00000, 0x0000000747f00000|  0%| F|  |TAMS 0x0000000747e00000, 0x0000000747e00000| Untracked 
| 103|0x0000000747f00000, 0x0000000747f00000, 0x0000000748000000|  0%| F|  |TAMS 0x0000000747f00000, 0x0000000747f00000| Untracked 
| 104|0x0000000748000000, 0x0000000748000000, 0x0000000748100000|  0%| F|  |TAMS 0x0000000748000000, 0x0000000748000000| Untracked 
| 105|0x0000000748100000, 0x0000000748100000, 0x0000000748200000|  0%| F|  |TAMS 0x0000000748100000, 0x0000000748100000| Untracked 
| 106|0x0000000748200000, 0x0000000748200000, 0x0000000748300000|  0%| F|  |TAMS 0x0000000748200000, 0x0000000748200000| Untracked 
| 107|0x0000000748300000, 0x0000000748300000, 0x0000000748400000|  0%| F|  |TAMS 0x0000000748300000, 0x0000000748300000| Untracked 
| 108|0x0000000748400000, 0x0000000748400000, 0x0000000748500000|  0%| F|  |TAMS 0x0000000748400000, 0x0000000748400000| Untracked 
| 109|0x0000000748500000, 0x0000000748500000, 0x0000000748600000|  0%| F|  |TAMS 0x0000000748500000, 0x0000000748500000| Untracked 
| 110|0x0000000748600000, 0x0000000748600000, 0x0000000748700000|  0%| F|  |TAMS 0x0000000748600000, 0x0000000748600000| Untracked 
| 111|0x0000000748700000, 0x0000000748700000, 0x0000000748800000|  0%| F|  |TAMS 0x0000000748700000, 0x0000000748700000| Untracked 
| 112|0x0000000748800000, 0x0000000748800000, 0x0000000748900000|  0%| F|  |TAMS 0x0000000748800000, 0x0000000748800000| Untracked 
| 113|0x0000000748900000, 0x0000000748900000, 0x0000000748a00000|  0%| F|  |TAMS 0x0000000748900000, 0x0000000748900000| Untracked 
| 114|0x0000000748a00000, 0x0000000748a00000, 0x0000000748b00000|  0%| F|  |TAMS 0x0000000748a00000, 0x0000000748a00000| Untracked 
| 115|0x0000000748b00000, 0x0000000748b00000, 0x0000000748c00000|  0%| F|  |TAMS 0x0000000748b00000, 0x0000000748b00000| Untracked 
| 116|0x0000000748c00000, 0x0000000748c00000, 0x0000000748d00000|  0%| F|  |TAMS 0x0000000748c00000, 0x0000000748c00000| Untracked 
| 117|0x0000000748d00000, 0x0000000748d00000, 0x0000000748e00000|  0%| F|  |TAMS 0x0000000748d00000, 0x0000000748d00000| Untracked 
| 118|0x0000000748e00000, 0x0000000748e00000, 0x0000000748f00000|  0%| F|  |TAMS 0x0000000748e00000, 0x0000000748e00000| Untracked 
| 119|0x0000000748f00000, 0x0000000748f00000, 0x0000000749000000|  0%| F|  |TAMS 0x0000000748f00000, 0x0000000748f00000| Untracked 
| 120|0x0000000749000000, 0x0000000749000000, 0x0000000749100000|  0%| F|  |TAMS 0x0000000749000000, 0x0000000749000000| Untracked 
| 121|0x0000000749100000, 0x0000000749100000, 0x0000000749200000|  0%| F|  |TAMS 0x0000000749100000, 0x0000000749100000| Untracked 
| 122|0x0000000749200000, 0x0000000749200000, 0x0000000749300000|  0%| F|  |TAMS 0x0000000749200000, 0x0000000749200000| Untracked 
| 123|0x0000000749300000, 0x0000000749300000, 0x0000000749400000|  0%| F|  |TAMS 0x0000000749300000, 0x0000000749300000| Untracked 
| 124|0x0000000749400000, 0x0000000749400000, 0x0000000749500000|  0%| F|  |TAMS 0x0000000749400000, 0x0000000749400000| Untracked 
| 125|0x0000000749500000, 0x0000000749500000, 0x0000000749600000|  0%| F|  |TAMS 0x0000000749500000, 0x0000000749500000| Untracked 
| 126|0x0000000749600000, 0x0000000749600000, 0x0000000749700000|  0%| F|  |TAMS 0x0000000749600000, 0x0000000749600000| Untracked 
| 127|0x0000000749700000, 0x0000000749700000, 0x0000000749800000|  0%| F|  |TAMS 0x0000000749700000, 0x0000000749700000| Untracked 
| 128|0x0000000749800000, 0x0000000749800000, 0x0000000749900000|  0%| F|  |TAMS 0x0000000749800000, 0x0000000749800000| Untracked 
| 129|0x0000000749900000, 0x0000000749900000, 0x0000000749a00000|  0%| F|  |TAMS 0x0000000749900000, 0x0000000749900000| Untracked 
| 130|0x0000000749a00000, 0x0000000749a00000, 0x0000000749b00000|  0%| F|  |TAMS 0x0000000749a00000, 0x0000000749a00000| Untracked 
| 131|0x0000000749b00000, 0x0000000749b00000, 0x0000000749c00000|  0%| F|  |TAMS 0x0000000749b00000, 0x0000000749b00000| Untracked 
| 132|0x0000000749c00000, 0x0000000749c00000, 0x0000000749d00000|  0%| F|  |TAMS 0x0000000749c00000, 0x0000000749c00000| Untracked 
| 133|0x0000000749d00000, 0x0000000749d00000, 0x0000000749e00000|  0%| F|  |TAMS 0x0000000749d00000, 0x0000000749d00000| Untracked 
| 134|0x0000000749e00000, 0x0000000749e00000, 0x0000000749f00000|  0%| F|  |TAMS 0x0000000749e00000, 0x0000000749e00000| Untracked 
| 135|0x0000000749f00000, 0x0000000749f00000, 0x000000074a000000|  0%| F|  |TAMS 0x0000000749f00000, 0x0000000749f00000| Untracked 
| 136|0x000000074a000000, 0x000000074a000000, 0x000000074a100000|  0%| F|  |TAMS 0x000000074a000000, 0x000000074a000000| Untracked 
| 137|0x000000074a100000, 0x000000074a100000, 0x000000074a200000|  0%| F|  |TAMS 0x000000074a100000, 0x000000074a100000| Untracked 
| 138|0x000000074a200000, 0x000000074a200000, 0x000000074a300000|  0%| F|  |TAMS 0x000000074a200000, 0x000000074a200000| Untracked 
| 139|0x000000074a300000, 0x000000074a300000, 0x000000074a400000|  0%| F|  |TAMS 0x000000074a300000, 0x000000074a300000| Untracked 
| 140|0x000000074a400000, 0x000000074a400000, 0x000000074a500000|  0%| F|  |TAMS 0x000000074a400000, 0x000000074a400000| Untracked 
| 141|0x000000074a500000, 0x000000074a500000, 0x000000074a600000|  0%| F|  |TAMS 0x000000074a500000, 0x000000074a500000| Untracked 
| 142|0x000000074a600000, 0x000000074a600000, 0x000000074a700000|  0%| F|  |TAMS 0x000000074a600000, 0x000000074a600000| Untracked 
| 143|0x000000074a700000, 0x000000074a700000, 0x000000074a800000|  0%| F|  |TAMS 0x000000074a700000, 0x000000074a700000| Untracked 
| 144|0x000000074a800000, 0x000000074a800000, 0x000000074a900000|  0%| F|  |TAMS 0x000000074a800000, 0x000000074a800000| Untracked 
| 145|0x000000074a900000, 0x000000074a900000, 0x000000074aa00000|  0%| F|  |TAMS 0x000000074a900000, 0x000000074a900000| Untracked 
| 146|0x000000074aa00000, 0x000000074aa00000, 0x000000074ab00000|  0%| F|  |TAMS 0x000000074aa00000, 0x000000074aa00000| Untracked 
| 147|0x000000074ab00000, 0x000000074ab00000, 0x000000074ac00000|  0%| F|  |TAMS 0x000000074ab00000, 0x000000074ab00000| Untracked 
| 148|0x000000074ac00000, 0x000000074ac00000, 0x000000074ad00000|  0%| F|  |TAMS 0x000000074ac00000, 0x000000074ac00000| Untracked 
| 149|0x000000074ad00000, 0x000000074ad00000, 0x000000074ae00000|  0%| F|  |TAMS 0x000000074ad00000, 0x000000074ad00000| Untracked 
| 150|0x000000074ae00000, 0x000000074ae00000, 0x000000074af00000|  0%| F|  |TAMS 0x000000074ae00000, 0x000000074ae00000| Untracked 
| 151|0x000000074af00000, 0x000000074af00000, 0x000000074b000000|  0%| F|  |TAMS 0x000000074af00000, 0x000000074af00000| Untracked 
| 152|0x000000074b000000, 0x000000074b000000, 0x000000074b100000|  0%| F|  |TAMS 0x000000074b000000, 0x000000074b000000| Untracked 
| 153|0x000000074b100000, 0x000000074b100000, 0x000000074b200000|  0%| F|  |TAMS 0x000000074b100000, 0x000000074b100000| Untracked 
| 154|0x000000074b200000, 0x000000074b200000, 0x000000074b300000|  0%| F|  |TAMS 0x000000074b200000, 0x000000074b200000| Untracked 
| 155|0x000000074b300000, 0x000000074b300000, 0x000000074b400000|  0%| F|  |TAMS 0x000000074b300000, 0x000000074b300000| Untracked 
| 156|0x000000074b400000, 0x000000074b400000, 0x000000074b500000|  0%| F|  |TAMS 0x000000074b400000, 0x000000074b400000| Untracked 
| 157|0x000000074b500000, 0x000000074b500000, 0x000000074b600000|  0%| F|  |TAMS 0x000000074b500000, 0x000000074b500000| Untracked 
| 158|0x000000074b600000, 0x000000074b600000, 0x000000074b700000|  0%| F|  |TAMS 0x000000074b600000, 0x000000074b600000| Untracked 
| 159|0x000000074b700000, 0x000000074b700000, 0x000000074b800000|  0%| F|  |TAMS 0x000000074b700000, 0x000000074b700000| Untracked 
| 160|0x000000074b800000, 0x000000074b800000, 0x000000074b900000|  0%| F|  |TAMS 0x000000074b800000, 0x000000074b800000| Untracked 
| 161|0x000000074b900000, 0x000000074b900000, 0x000000074ba00000|  0%| F|  |TAMS 0x000000074b900000, 0x000000074b900000| Untracked 
| 162|0x000000074ba00000, 0x000000074ba00000, 0x000000074bb00000|  0%| F|  |TAMS 0x000000074ba00000, 0x000000074ba00000| Untracked 
| 163|0x000000074bb00000, 0x000000074bb00000, 0x000000074bc00000|  0%| F|  |TAMS 0x000000074bb00000, 0x000000074bb00000| Untracked 
| 164|0x000000074bc00000, 0x000000074bc00000, 0x000000074bd00000|  0%| F|  |TAMS 0x000000074bc00000, 0x000000074bc00000| Untracked 
| 165|0x000000074bd00000, 0x000000074bd00000, 0x000000074be00000|  0%| F|  |TAMS 0x000000074bd00000, 0x000000074bd00000| Untracked 
| 166|0x000000074be00000, 0x000000074be00000, 0x000000074bf00000|  0%| F|  |TAMS 0x000000074be00000, 0x000000074be00000| Untracked 
| 167|0x000000074bf00000, 0x000000074bf00000, 0x000000074c000000|  0%| F|  |TAMS 0x000000074bf00000, 0x000000074bf00000| Untracked 
| 168|0x000000074c000000, 0x000000074c000000, 0x000000074c100000|  0%| F|  |TAMS 0x000000074c000000, 0x000000074c000000| Untracked 
| 169|0x000000074c100000, 0x000000074c100000, 0x000000074c200000|  0%| F|  |TAMS 0x000000074c100000, 0x000000074c100000| Untracked 
| 170|0x000000074c200000, 0x000000074c200000, 0x000000074c300000|  0%| F|  |TAMS 0x000000074c200000, 0x000000074c200000| Untracked 
| 171|0x000000074c300000, 0x000000074c300000, 0x000000074c400000|  0%| F|  |TAMS 0x000000074c300000, 0x000000074c300000| Untracked 
| 172|0x000000074c400000, 0x000000074c400000, 0x000000074c500000|  0%| F|  |TAMS 0x000000074c400000, 0x000000074c400000| Untracked 
| 173|0x000000074c500000, 0x000000074c500000, 0x000000074c600000|  0%| F|  |TAMS 0x000000074c500000, 0x000000074c500000| Untracked 
| 174|0x000000074c600000, 0x000000074c600000, 0x000000074c700000|  0%| F|  |TAMS 0x000000074c600000, 0x000000074c600000| Untracked 
| 175|0x000000074c700000, 0x000000074c700000, 0x000000074c800000|  0%| F|  |TAMS 0x000000074c700000, 0x000000074c700000| Untracked 
| 176|0x000000074c800000, 0x000000074c800000, 0x000000074c900000|  0%| F|  |TAMS 0x000000074c800000, 0x000000074c800000| Untracked 
| 177|0x000000074c900000, 0x000000074c900000, 0x000000074ca00000|  0%| F|  |TAMS 0x000000074c900000, 0x000000074c900000| Untracked 
| 178|0x000000074ca00000, 0x000000074ca00000, 0x000000074cb00000|  0%| F|  |TAMS 0x000000074ca00000, 0x000000074ca00000| Untracked 
| 179|0x000000074cb00000, 0x000000074cb00000, 0x000000074cc00000|  0%| F|  |TAMS 0x000000074cb00000, 0x000000074cb00000| Untracked 
| 180|0x000000074cc00000, 0x000000074cc00000, 0x000000074cd00000|  0%| F|  |TAMS 0x000000074cc00000, 0x000000074cc00000| Untracked 
| 181|0x000000074cd00000, 0x000000074cd00000, 0x000000074ce00000|  0%| F|  |TAMS 0x000000074cd00000, 0x000000074cd00000| Untracked 
| 182|0x000000074ce00000, 0x000000074ce00000, 0x000000074cf00000|  0%| F|  |TAMS 0x000000074ce00000, 0x000000074ce00000| Untracked 
| 183|0x000000074cf00000, 0x000000074cf00000, 0x000000074d000000|  0%| F|  |TAMS 0x000000074cf00000, 0x000000074cf00000| Untracked 
| 184|0x000000074d000000, 0x000000074d000000, 0x000000074d100000|  0%| F|  |TAMS 0x000000074d000000, 0x000000074d000000| Untracked 
| 185|0x000000074d100000, 0x000000074d100000, 0x000000074d200000|  0%| F|  |TAMS 0x000000074d100000, 0x000000074d100000| Untracked 
| 186|0x000000074d200000, 0x000000074d200000, 0x000000074d300000|  0%| F|  |TAMS 0x000000074d200000, 0x000000074d200000| Untracked 
| 187|0x000000074d300000, 0x000000074d300000, 0x000000074d400000|  0%| F|  |TAMS 0x000000074d300000, 0x000000074d300000| Untracked 
| 188|0x000000074d400000, 0x000000074d400000, 0x000000074d500000|  0%| F|  |TAMS 0x000000074d400000, 0x000000074d400000| Untracked 
| 189|0x000000074d500000, 0x000000074d5f9c60, 0x000000074d600000| 97%| E|  |TAMS 0x000000074d500000, 0x000000074d500000| Complete 
| 190|0x000000074d600000, 0x000000074d700000, 0x000000074d700000|100%| E|CS|TAMS 0x000000074d600000, 0x000000074d600000| Complete 
| 191|0x000000074d700000, 0x000000074d800000, 0x000000074d800000|100%| E|CS|TAMS 0x000000074d700000, 0x000000074d700000| Complete 

Card table byte_map: [0x0000028367040000,0x0000028367640000] _byte_map_base: 0x0000028363634000

Marking Bits (Prev, Next): (CMBitMap*) 0x000002834f2dcd08, (CMBitMap*) 0x000002834f2dcd40
 Prev Bits: [0x0000028367c40000, 0x000002836abe0000)
 Next Bits: [0x000002836abe0000, 0x000002836db80000)

Polling page: 0x000002834d220000

Metaspace:

Usage:
  Non-class:      6.01 MB capacity,     5.98 MB (>99%) used,    24.32 KB ( <1%) free+waste,     5.19 KB ( <1%) overhead. 
      Class:    648.00 KB capacity,   602.09 KB ( 93%) used,    43.29 KB (  7%) free+waste,     2.63 KB ( <1%) overhead. 
       Both:      6.64 MB capacity,     6.57 MB ( 99%) used,    67.61 KB ( <1%) free+waste,     7.81 KB ( <1%) overhead. 

Virtual space:
  Non-class space:        8.00 MB reserved,       6.25 MB ( 78%) committed 
      Class space:        1.00 GB reserved,     768.00 KB ( <1%) committed 
             Both:        1.01 GB reserved,       7.00 MB ( <1%) committed 

Chunk freelists:
   Non-Class:  6.63 KB
       Class:  3.00 KB
        Both:  9.63 KB

CodeHeap 'non-profiled nmethods': size=120000Kb used=81Kb max_used=81Kb free=119918Kb
 bounds [0x000002835f1e0000, 0x000002835f450000, 0x0000028366710000]
CodeHeap 'profiled nmethods': size=120000Kb used=352Kb max_used=352Kb free=119647Kb
 bounds [0x0000028357cb0000, 0x0000028357f20000, 0x000002835f1e0000]
CodeHeap 'non-nmethods': size=5760Kb used=1064Kb max_used=1064Kb free=4696Kb
 bounds [0x0000028357710000, 0x0000028357980000, 0x0000028357cb0000]
 total_blobs=625 nmethods=274 adapters=263
 compilation: enabled
              stopped_count=0, restarted_count=0
 full_count=0

Compilation events (10 events):
Event: 0.210 Thread 0x0000028370f69800 nmethod 260 0x0000028357cfb590 code [0x0000028357cfb740, 0x0000028357cfb898]
Event: 0.210 Thread 0x0000028370f69800  258       3       jdk.internal.org.objectweb.asm.Frame::push (110 bytes)
Event: 0.210 Thread 0x0000028370f69800 nmethod 258 0x0000028357cfb990 code [0x0000028357cfbb60, 0x0000028357cfc108]
Event: 0.210 Thread 0x0000028370f69800  262       3       java.lang.invoke.MemberName::initResolved (53 bytes)
Event: 0.210 Thread 0x0000028370f69800 nmethod 262 0x0000028357cfc310 code [0x0000028357cfc4c0, 0x0000028357cfc678]
Event: 0.210 Thread 0x0000028370f69800  267       3       jdk.internal.org.objectweb.asm.Frame::execute (2264 bytes)
Event: 0.215 Thread 0x0000028370f69800 nmethod 267 0x0000028357cfc710 code [0x0000028357cfd5a0, 0x0000028357d045f8]
Event: 0.215 Thread 0x0000028370f69800  274       3       jdk.internal.math.FDBigInteger::mult (64 bytes)
Event: 0.215 Thread 0x0000028370f69800 nmethod 274 0x0000028357d06490 code [0x0000028357d06640, 0x0000028357d06878]
Event: 0.215 Thread 0x0000028370f69800  271       3       java.lang.invoke.LambdaForm$Name::useCount (42 bytes)

GC Heap History (0 events):
No events

Deoptimization events (4 events):
Event: 0.199 Thread 0x000002834f28e800 Uncommon trap: reason=bimorphic_or_optimized_type_check action=maybe_recompile pc=0x000002835f1e8b94 method=java.util.AbstractCollection.isEmpty()Z @ 1 c2
Event: 0.199 Thread 0x000002834f28e800 Uncommon trap: reason=bimorphic_or_optimized_type_check action=maybe_recompile pc=0x000002835f1e8b94 method=java.util.AbstractCollection.isEmpty()Z @ 1 c2
Event: 0.201 Thread 0x000002834f28e800 Uncommon trap: reason=bimorphic_or_optimized_type_check action=maybe_recompile pc=0x000002835f1e8b94 method=java.util.AbstractCollection.isEmpty()Z @ 1 c2
Event: 0.201 Thread 0x000002834f28e800 Uncommon trap: reason=bimorphic_or_optimized_type_check action=maybe_recompile pc=0x000002835f1e8b94 method=java.util.AbstractCollection.isEmpty()Z @ 1 c2

Classes redefined (0 events):
No events

Internal exceptions (1 events):
Event: 0.215 Thread 0x000002834f28e800 Exception <a 'java/lang/NoSuchFieldError'{0x000000074d5cb6e8}: example.Iloczyn.b Ljava/lang/Double;> (0x000000074d5cb6e8) thrown at [./open/src/hotspot/share/prims/jni.cpp, line 2049]

Events (10 events):
Event: 0.214 loading class jdk/internal/math/FloatingDecimal$PreparedASCIIToBinaryBuffer
Event: 0.214 loading class jdk/internal/math/FloatingDecimal$ASCIIToBinaryConverter
Event: 0.214 loading class jdk/internal/math/FloatingDecimal$ASCIIToBinaryConverter done
Event: 0.214 loading class jdk/internal/math/FloatingDecimal$PreparedASCIIToBinaryBuffer done
Event: 0.214 loading class jdk/internal/math/FDBigInteger
Event: 0.214 loading class jdk/internal/math/FDBigInteger done
Event: 0.215 loading class java/lang/NoSuchFieldError
Event: 0.215 loading class java/lang/IncompatibleClassChangeError
Event: 0.215 loading class java/lang/IncompatibleClassChangeError done
Event: 0.215 loading class java/lang/NoSuchFieldError done


Dynamic libraries:
0x00007ff7c35f0000 - 0x00007ff7c35ff000 	C:\Program Files\Java\jdk-11.0.10\bin\java.exe
0x00007ffe81300000 - 0x00007ffe814f0000 	C:\Windows\SYSTEM32\ntdll.dll
0x00007ffe7fdd0000 - 0x00007ffe7fe82000 	C:\Windows\System32\KERNEL32.DLL
0x00007ffe7f100000 - 0x00007ffe7f3a5000 	C:\Windows\System32\KERNELBASE.dll
0x00007ffe7eb70000 - 0x00007ffe7ec6a000 	C:\Windows\System32\ucrtbase.dll
0x00007ffe7a620000 - 0x00007ffe7a636000 	C:\Program Files\Java\jdk-11.0.10\bin\VCRUNTIME140.dll
0x00007ffe7a680000 - 0x00007ffe7a698000 	C:\Program Files\Java\jdk-11.0.10\bin\jli.dll
0x00007ffe7fb50000 - 0x00007ffe7fbf3000 	C:\Windows\System32\ADVAPI32.dll
0x00007ffe80710000 - 0x00007ffe807ae000 	C:\Windows\System32\msvcrt.dll
0x00007ffe7fa00000 - 0x00007ffe7fa97000 	C:\Windows\System32\sechost.dll
0x00007ffe7fcb0000 - 0x00007ffe7fdcf000 	C:\Windows\System32\RPCRT4.dll
0x00007ffe7f4d0000 - 0x00007ffe7f664000 	C:\Windows\System32\USER32.dll
0x00007ffe6aed0000 - 0x00007ffe6b154000 	C:\Windows\WinSxS\amd64_microsoft.windows.common-controls_6595b64144ccf1df_6.0.18362.1500_none_9e79be6de462295c\COMCTL32.dll
0x00007ffe7ecd0000 - 0x00007ffe7ecf1000 	C:\Windows\System32\win32u.dll
0x00007ffe81160000 - 0x00007ffe81186000 	C:\Windows\System32\GDI32.dll
0x00007ffe80300000 - 0x00007ffe80636000 	C:\Windows\System32\combase.dll
0x00007ffe7ef30000 - 0x00007ffe7f0c8000 	C:\Windows\System32\gdi32full.dll
0x00007ffe7e2c0000 - 0x00007ffe7e341000 	C:\Windows\System32\bcryptPrimitives.dll
0x00007ffe7ead0000 - 0x00007ffe7eb6e000 	C:\Windows\System32\msvcp_win.dll
0x00007ffe783d0000 - 0x00007ffe783da000 	C:\Windows\SYSTEM32\VERSION.dll
0x00007ffe81120000 - 0x00007ffe8114e000 	C:\Windows\System32\IMM32.DLL
0x00007ffe6bfc0000 - 0x00007ffe6c066000 	C:\Program Files\Java\jdk-11.0.10\bin\msvcp140.dll
0x00007ffe3bff0000 - 0x00007ffe3caeb000 	C:\Program Files\Java\jdk-11.0.10\bin\server\jvm.dll
0x00007ffe7f3b0000 - 0x00007ffe7f3b8000 	C:\Windows\System32\PSAPI.DLL
0x00007ffe68220000 - 0x00007ffe68229000 	C:\Windows\SYSTEM32\WSOCK32.dll
0x00007ffe7bdd0000 - 0x00007ffe7bdf4000 	C:\Windows\SYSTEM32\WINMM.dll
0x00007ffe81190000 - 0x00007ffe811ff000 	C:\Windows\System32\WS2_32.dll
0x00007ffe7bd70000 - 0x00007ffe7bd9d000 	C:\Windows\SYSTEM32\winmmbase.dll
0x00007ffe7e270000 - 0x00007ffe7e2ba000 	C:\Windows\System32\cfgmgr32.dll
0x00007ffe7e1c0000 - 0x00007ffe7e1d1000 	C:\Windows\System32\kernel.appcore.dll
0x00007ffe7a5e0000 - 0x00007ffe7a5f0000 	C:\Program Files\Java\jdk-11.0.10\bin\verify.dll
0x00007ffe7ca90000 - 0x00007ffe7cc84000 	C:\Windows\SYSTEM32\DBGHELP.DLL
0x00007ffe650a0000 - 0x00007ffe650ca000 	C:\Windows\SYSTEM32\dbgcore.DLL
0x00007ffe79550000 - 0x00007ffe79578000 	C:\Program Files\Java\jdk-11.0.10\bin\java.dll
0x00007ffe7a5d0000 - 0x00007ffe7a5da000 	C:\Program Files\Java\jdk-11.0.10\bin\jimage.dll
0x00007ffe7a5a0000 - 0x00007ffe7a5ae000 	C:\Program Files\Java\jdk-11.0.10\bin\instrument.dll
0x00007ffe6d2e0000 - 0x00007ffe6d2f6000 	C:\Program Files\Java\jdk-11.0.10\bin\zip.dll
0x00007ffe807b0000 - 0x00007ffe80e98000 	C:\Windows\System32\SHELL32.dll
0x00007ffe7faa0000 - 0x00007ffe7fb47000 	C:\Windows\System32\shcore.dll
0x00007ffe7e350000 - 0x00007ffe7eacb000 	C:\Windows\System32\windows.storage.dll
0x00007ffe7e230000 - 0x00007ffe7e24e000 	C:\Windows\System32\profapi.dll
0x00007ffe7e1e0000 - 0x00007ffe7e22a000 	C:\Windows\System32\powrprof.dll
0x00007ffe7e1b0000 - 0x00007ffe7e1c0000 	C:\Windows\System32\UMPDC.dll
0x00007ffe81200000 - 0x00007ffe81252000 	C:\Windows\System32\shlwapi.dll
0x00007ffe7ef10000 - 0x00007ffe7ef27000 	C:\Windows\System32\cryptsp.dll
0x00007ffe6d1e0000 - 0x00007ffe6d1f9000 	C:\Program Files\Java\jdk-11.0.10\bin\net.dll
0x00007ffe749d0000 - 0x00007ffe74aca000 	C:\Windows\SYSTEM32\WINHTTP.dll
0x00007ffe7d9f0000 - 0x00007ffe7da57000 	C:\Windows\system32\mswsock.dll
0x00007ffe6d1c0000 - 0x00007ffe6d1d2000 	C:\Program Files\Java\jdk-11.0.10\bin\nio.dll
0x00007ffe6d1a0000 - 0x00007ffe6d1ba000 	C:\Program Files\JetBrains\IntelliJ IDEA Community Edition 2020.3.2\bin\breakgen64.dll
0x00007ffe6d0e0000 - 0x00007ffe6d108000 	C:\Users\mswar\source\repos\Nowy\x64\Debug\Nowy.dll
0x00007ffe10350000 - 0x00007ffe10437000 	C:\Windows\SYSTEM32\MSVCP140D.dll
0x00007ffe6d2d0000 - 0x00007ffe6d2df000 	C:\Windows\SYSTEM32\VCRUNTIME140_1D.dll
0x00007ffe005b0000 - 0x00007ffe00773000 	C:\Windows\SYSTEM32\ucrtbased.dll
0x00007ffe6cec0000 - 0x00007ffe6ceea000 	C:\Windows\SYSTEM32\VCRUNTIME140D.dll

dbghelp: loaded successfully - version: 4.0.5 - missing functions: none
symbol engine: initialized successfully - sym options: 0x614 - pdb path: .;C:\Program Files\Java\jdk-11.0.10\bin;C:\Windows\SYSTEM32;C:\Windows\WinSxS\amd64_microsoft.windows.common-controls_6595b64144ccf1df_6.0.18362.1500_none_9e79be6de462295c;C:\Program Files\Java\jdk-11.0.10\bin\server;C:\Program Files\JetBrains\IntelliJ IDEA Community Edition 2020.3.2\bin;C:\Users\mswar\source\repos\Nowy\x64\Debug

VM Arguments:
jvm_args: -javaagent:C:\Program Files\JetBrains\IntelliJ IDEA Community Edition 2020.3.2\lib\idea_rt.jar=53552:C:\Program Files\JetBrains\IntelliJ IDEA Community Edition 2020.3.2\bin -Dfile.encoding=UTF-8 
java_command: example.Main
java_class_path (initial): C:\Users\mswar\Desktop\JavaNative\out\production\JavaNative
Launcher Type: SUN_STANDARD

[Global flags]
     intx CICompilerCount                          = 4                                         {product} {ergonomic}
     uint ConcGCThreads                            = 2                                         {product} {ergonomic}
     uint G1ConcRefinementThreads                  = 8                                         {product} {ergonomic}
   size_t G1HeapRegionSize                         = 1048576                                   {product} {ergonomic}
    uintx GCDrainStackTargetSize                   = 64                                        {product} {ergonomic}
   size_t InitialHeapSize                          = 201326592                                 {product} {ergonomic}
   size_t MarkStackSize                            = 4194304                                   {product} {ergonomic}
   size_t MaxHeapSize                              = 3196059648                                {product} {ergonomic}
   size_t MaxNewSize                               = 1916796928                                {product} {ergonomic}
   size_t MinHeapDeltaBytes                        = 1048576                                   {product} {ergonomic}
    uintx NonNMethodCodeHeapSize                   = 5836300                                {pd product} {ergonomic}
    uintx NonProfiledCodeHeapSize                  = 122910970                              {pd product} {ergonomic}
    uintx ProfiledCodeHeapSize                     = 122910970                              {pd product} {ergonomic}
    uintx ReservedCodeCacheSize                    = 251658240                              {pd product} {ergonomic}
     bool SegmentedCodeCache                       = true                                      {product} {ergonomic}
     bool UseCompressedClassPointers               = true                                 {lp64_product} {ergonomic}
     bool UseCompressedOops                        = true                                 {lp64_product} {ergonomic}
     bool UseG1GC                                  = true                                      {product} {ergonomic}
     bool UseLargePagesIndividualAllocation        = false                                  {pd product} {ergonomic}

Logging:
Log output configuration:
 #0: stdout all=warning uptime,level,tags
 #1: stderr all=off uptime,level,tags

Environment Variables:
JAVA_HOME=C:\Program Files\Java\jdk-11.0.10
PATH=C:\Python36\Scripts\;C:\Python36\;C:\Program Files\Python38\Scripts\;C:\Program Files\Python38\;C:\Python38\Scripts\;C:\Python38\;C:\Windows\system32;C:\Windows;C:\Windows\System32\Wbem;C:\Windows\System32\WindowsPowerShell\v1.0\;C:\Windows\System32\OpenSSH\;C:\Program Files\Intel\WiFi\bin\;C:\Program Files\Common Files\Intel\WirelessCommon\;C:\Program Files (x86)\Intel\Intel(R) Management Engine Components\DAL;C:\Program Files\Intel\Intel(R) Management Engine Components\DAL;C:\Program Files\PuTTY\;C:\Program Files\Git\cmd;C:\apache-maven-3.6.3\bin;C:\spring-2.2.5.RELEASE\bin;C:\Program Files\nodejs\;C:\ProgramData\chocolatey\bin;C:\Program Files\MinGW\bin;C:\Program Files\CMake\bin;C:\Program Files (x86)\GnuWin32\bin;C:\pkg-config-lite-0.28-1\bin;C:\Program Files (x86)\mingw-w64\i686-8.1.0-posix-dwarf-rt_v6-rev0\mingw32\bin;C:\MinGW\msys\1.0\bin;C:\ffmpeg-N-99488-gbc43588a71-win64-gpl-shared-vulkan\bin;C:\ffmpeg-N-99488-gbc43588a71-win64-gpl-shared-vulkan\lib;C:\ninja;C:\Users\mswar\AppData\Roaming\Python\Python38\Scripts;C:\NASM;C:\msys64\mingw64\bin;C:\GTK\bin;C:\Program Files (x86)\Glade3\bin;C:\msys64\mingw64\lib;C:\Program Files\Java\jdk-11.0.10\bin;C:\Program Files (x86)\Inno Setup 6;C:\Users\mswar\AppData\Local\Programs\Python\Python39\Scripts\;C:\Users\mswar\AppData\Local\Programs\Python\Python39\;C:\Program Files\MySQL\MySQL Shell 8.0\bin\;C:\Users\mswar\AppData\Local\Microsoft\WindowsApps;C:\Program Files\JetBrains\IntelliJ IDEA 2019.3.4\bin;C:\Program Files\Docker Toolbox;C:\Users\mswar\AppData\Local\atom\bin;C:\Program Files\JetBrains\IntelliJ IDEA 2019.3.4\bin;;C:\Users\mswar\AppData\Local\Programs\Microsoft VS Code\bin;C:\Users\mswar\AppData\Roaming\npm;C:\ffmpeg-N-99488-gbc43588a71-win64-gpl-shared-vulkan\bin;C:\Program Files\JetBrains\IntelliJ IDEA Community Edition 2020.3.2\bin;;C:\Program Files\JetBrains\PyCharm 2021.1\bin;;
USERNAME=mswar
OS=Windows_NT
PROCESSOR_IDENTIFIER=Intel64 Family 6 Model 142 Stepping 10, GenuineIntel



---------------  S Y S T E M  ---------------

OS: Windows 10 , 64 bit Build 18362 (10.0.18362.1500)

CPU:total 8 (initial active 8) (4 cores per cpu, 2 threads per core) family 6 model 142 stepping 10 microcode 0xe0, cmov, cx8, fxsr, mmx, sse, sse2, sse3, ssse3, sse4.1, sse4.2, popcnt, avx, avx2, aes, clmul, erms, 3dnowpref, lzcnt, ht, tsc, tscinvbit, bmi1, bmi2, adx, fma

Memory: 4k page, system-wide physical 12185M (2662M free)
TotalPageFile size 27033M (AvailPageFile size 10549M)
current process WorkingSet (physical memory assigned to process): 41M, peak: 41M
current process commit charge ("private bytes"): 275M, peak: 275M

vm_info: Java HotSpot(TM) 64-Bit Server VM (11.0.10+8-LTS-162) for windows-amd64 JRE (11.0.10+8-LTS-162), built on Dec  8 2020 16:32:57 by "mach5one" with MS VC++ 15.9 (VS2017)

END.
